<?xml version="1.0" encoding="UTF-8"?>
<coverage generated="1757600224861" clover="3.2.0">
  <project timestamp="1757600224862" name="All files">
    <metrics statements="4" coveredstatements="3" conditionals="0" coveredconditionals="0" methods="2" coveredmethods="1" elements="6" coveredelements="4" complexity="0" loc="4" ncloc="4" packages="1" files="1" classes="1"/>
    <file name="Conta.ts" path="/home/mateuz/Área de trabalho/segundoSemestre/programação orientada a oobjetos /POO20252M/src/Conta.ts">
      <metrics statements="4" coveredstatements="3" conditionals="0" coveredconditionals="0" methods="2" coveredmethods="1"/>
      <line num="1" count="1" type="stmt"/>
      <line num="2" count="1" type="stmt"/>
      <line num="5" count="1" type="stmt"/>
      <line num="9" count="0" type="stmt"/>
    </file>
  </project>
</coverage>
