{"/Users/angeloluz/POO20252M/src/Conta.ts": {"path":"/Users/angeloluz/POO20252M/src/Conta.ts","statementMap":{"0":{"start":{"line":13,"column":20},"end":{"line":13,"column":21}},"1":{"start":{"line":16,"column":7},"end":{"line":16,"column":27}},"2":{"start":{"line":19,"column":8},"end":{"line":19,"column":17}},"3":{"start":{"line":12,"column":0},"end":{"line":12,"column":13}}},"fnMap":{"0":{"name":"(anonymous_0)","decl":{"start":{"line":15,"column":4},"end":{"line":15,"column":12}},"loc":{"start":{"line":15,"column":26},"end":{"line":17,"column":5}}},"1":{"name":"(anonymous_1)","decl":{"start":{"line":18,"column":4},"end":{"line":18,"column":11}},"loc":{"start":{"line":18,"column":11},"end":{"line":20,"column":5}}}},"branchMap":{},"s":{"0":1,"1":1,"2":0,"3":1},"f":{"0":1,"1":0},"b":{}}
}
