{"/home/mateuz/Área de trabalho/segundoSemestre/programação orientada a oobjetos /POO20252M/src/Conta.ts": {"path":"/home/mateuz/Área de trabalho/segundoSemestre/programação orientada a oobjetos /POO20252M/src/Conta.ts","statementMap":{"0":{"start":{"line":2,"column":20},"end":{"line":2,"column":21}},"1":{"start":{"line":5,"column":8},"end":{"line":5,"column":28}},"2":{"start":{"line":9,"column":8},"end":{"line":9,"column":17}},"3":{"start":{"line":1,"column":0},"end":{"line":1,"column":13}}},"fnMap":{"0":{"name":"(anonymous_0)","decl":{"start":{"line":4,"column":4},"end":{"line":4,"column":12}},"loc":{"start":{"line":4,"column":25},"end":{"line":6,"column":5}}},"1":{"name":"(anonymous_1)","decl":{"start":{"line":8,"column":4},"end":{"line":8,"column":11}},"loc":{"start":{"line":8,"column":11},"end":{"line":10,"column":5}}}},"branchMap":{},"s":{"0":1,"1":1,"2":0,"3":1},"f":{"0":1,"1":0},"b":{}}
}
